<?xml version="1.0" encoding="UTF-8"?>
<!-- Generated by org.testng.reporters.JUnitReportReporter -->
<testsuite hostname="DESKTOP-GUA6QTH" failures="0" tests="4" name="jenkins.TestClass_02_Login" time="9.657" errors="0" timestamp="2024-05-29T14:20:55 ICT" skipped="0">
  <testcase classname="jenkins.TestClass_02_Login" name="TC_001_LoginWithEmailAndPassEmpty" time="1.652"/>
  <system-out/>
  <testcase classname="jenkins.TestClass_02_Login" name="TC_003_LoginWithEmailAndPassEmpty" time="4.829"/>
  <system-out/>
  <testcase classname="jenkins.TestClass_02_Login" name="TC_004_LoginWithEmailAndPassEmpty" time="1.564"/>
  <system-out/>
  <testcase classname="jenkins.TestClass_02_Login" name="TC_002_LoginWithEmailAndPassEmpty" time="1.612"/>
  <system-out/>
</testsuite> <!-- jenkins.TestClass_02_Login -->
