<?xml version="1.0" encoding="UTF-8"?>
<!-- Generated by org.testng.reporters.JUnitReportReporter -->
<testsuite hostname="DESKTOP-GUA6QTH" failures="0" tests="4" name="jenkins.TestClass_01_Register" time="9.721" errors="0" timestamp="2024-05-29T14:20:55 ICT" skipped="0">
  <testcase classname="jenkins.TestClass_01_Register" name="TC_002_RegisterWithEmailAndPassEmpty" time="1.574"/>
  <system-out/>
  <testcase classname="jenkins.TestClass_01_Register" name="TC_003_RegisterWithEmailAndPassEmpty" time="1.589"/>
  <system-out/>
  <testcase classname="jenkins.TestClass_01_Register" name="TC_004_RegisterWithEmailAndPassEmpty" time="1.577"/>
  <system-out/>
  <testcase classname="jenkins.TestClass_01_Register" name="TC_001_RegisterWithEmailAndPassEmpty" time="4.981"/>
  <system-out/>
</testsuite> <!-- jenkins.TestClass_01_Register -->
