<?xml version="1.0" encoding="UTF-8"?>
<!-- Generated by org.testng.reporters.JUnitReportReporter -->
<testsuite hostname="DESKTOP-GUA6QTH" failures="0" tests="4" name="jenkins.TestClass_01_Register" time="12.889" errors="0" timestamp="2024-05-29T14:27:11 ICT" skipped="0">
  <testcase classname="jenkins.TestClass_01_Register" name="TC_004_RegisterWithEmailAndPassEmpty" time="1.571"/>
  <system-out/>
  <testcase classname="jenkins.TestClass_01_Register" name="TC_003_RegisterWithEmailAndPassEmpty" time="1.579"/>
  <system-out/>
  <testcase classname="jenkins.TestClass_01_Register" name="TC_001_RegisterWithEmailAndPassEmpty" time="8.145"/>
  <system-out/>
  <testcase classname="jenkins.TestClass_01_Register" name="TC_002_RegisterWithEmailAndPassEmpty" time="1.594"/>
  <system-out/>
</testsuite> <!-- jenkins.TestClass_01_Register -->
